2015-02-08 19:42:32#01023533#size:271#12015-02-08 20:51:00#11103061#size:897#1#null
2015-02-08 21:09:30#06201139#size:784#1#null
2015-02-08 21:15:04#09003818#size:338#1#null
2015-02-08 21:15:29#09003262#size:22#1#null
2015-02-08 21:19:33#09006636#size:176#1#null
2015-02-08 21:31:36#11105742#size:446#1#null
2015-02-08 21:34:28#09003264#size:2#-1#HTTP/1.1 502 Bad Gateway
2015-02-08 21:34:28#09003264#size:2#-1#HTTP/1.1 502 Bad Gateway
2015-02-08 21:34:28#09003264#size:1#-1#HTTP/1.1 502 Bad Gateway
2015-02-08 21:34:28#09003264#size:2#-1#HTTP/1.1 502 Bad Gateway
2015-02-08 21:34:29#09003264#size:2#-1#HTTP/1.1 502 Bad Gateway
2015-02-08 21:34:29#09003264#size:1#-200#invalid ip status!
2015-02-08 21:34:29#09003264#size:2#1#null
2015-02-08 21:34:34#09003264#size:2#1#null
2015-02-08 21:34:34#09003264#size:2#1#null
2015-02-08 21:34:34#09003264#size:2#1#null
2015-02-08 21:34:35#01056005#size:1#1#null
2015-02-08 21:34:35#01056005#size:1#1#null
2015-02-08 21:34:37#04100911#size:2#1#null
2015-02-08 21:34:38#04100911#size:2#1#null
2015-02-08 21:34:49#11108195#size:11#1#null
2015-02-08 21:34:49#11108195#size:11#1#null
2015-02-08 21:34:50#01056005#size:20#1#null
2015-02-08 21:34:53#08006516#size:1#1#null
2015-02-08 21:34:56#08006516#size:1#1#null
2015-02-08 21:34:56#08006516#size:4#1#null
2015-02-08 21:35:02#06201066#size:1#-200#invalid ip status!
2015-02-08 21:35:02#06201066#size:6#-1#HTTP/1.1 502 Bad Gateway
2015-02-08 21:35:02#06201066#size:6#-1#HTTP/1.1 502 Bad Gateway
2015-02-08 21:35:02#06201066#size:7#-1#HTTP/1.1 502 Bad Gateway
2015-02-08 21:35:02#01056005#size:34#-1#HTTP/1.1 502 Bad Gateway
2015-02-08 21:35:03#06201066#size:6#-1#HTTP/1.1 502 Bad Gateway
2015-02-08 21:35:03#01056005#size:34#1#null
2015-02-08 21:35:03#01056005#size:34#1#null
2015-02-08 21:35:04#01056005#size:34#1#null
2015-02-08 21:35:04#01056005#size:34#1#null
2015-02-08 21:35:04#06201066#size:6#1#null
2015-02-08 21:35:09#06201066#size:9#1#null
2015-02-08 21:35:10#06201066#size:9#1#null
2015-02-08 21:35:33#09003263#size:1#-200#invalid ip status!
2015-02-08 21:36:06#09003263#size:1#-200#invalid ip status!
2015-02-08 21:36:37#09003263#size:1#-200#invalid ip status!
2015-02-08 21:36:53#09003263#size:76#1#null
2015-02-08 21:37:09#11103365#size:1#-200#invalid ip status!
2015-02-08 21:37:19#09003263#size:93#1#null
2015-02-08 21:37:40#11103365#size:1#-200#invalid ip status!
2015-02-08 21:38:13#11103365#size:1#-200#invalid ip status!
2015-02-08 21:38:44#11103365#size:1#-200#invalid ip status!
2015-02-08 21:39:17#11103365#size:1#-200#invalid ip status!
2015-02-08 21:39:49#11103365#size:1#-200#invalid ip status!
2015-02-08 21:40:24#11103365#size:1#-200#invalid ip status!
2015-02-08 21:41:00#11103365#size:1#-200#invalid ip status!
2015-02-08 21:41:32#11103365#size:1#-200#invalid ip status!
2015-02-08 21:42:03#11103365#size:1#-200#invalid ip status!
2015-02-08 21:42:36#11103365#size:1#-200#invalid ip status!
2015-02-08 21:43:08#11103365#size:1#-200#invalid ip status!
2015-02-08 21:43:40#11103365#size:1#-200#invalid ip status!
2015-02-08 21:44:06#06201066#size:310#1#null
2015-02-08 21:44:11#11103365#size:1#-200#invalid ip status!
2015-02-08 21:44:43#11103365#size:1#-200#invalid ip status!
2015-02-08 21:45:14#11103365#size:1#-200#invalid ip status!
2015-02-08 21:45:47#11103365#size:1#-200#invalid ip status!
2015-02-08 21:46:18#11103365#size:1#-200#invalid ip status!
2015-02-08 21:46:50#11103365#size:1#-200#invalid ip status!
2015-02-08 21:47:21#11103365#size:1#-200#invalid ip status!
2015-02-08 21:48:00#11103365#size:1#-200#invalid ip status!
2015-02-08 21:48:30#11103365#size:1#-200#invalid ip status!
2015-02-08 21:49:03#11103365#size:1#-200#invalid ip status!
2015-02-08 21:49:33#11103365#size:1#-200#invalid ip status!
2015-02-08 21:50:06#11103365#size:1#-200#invalid ip status!
2015-02-08 21:50:37#11103365#size:1#-200#invalid ip status!
2015-02-08 21:51:09#11103365#size:1#-200#invalid ip status!
2015-02-08 21:51:40#11103365#size:1#-200#invalid ip status!
2015-02-08 21:52:12#11103365#size:1#-200#invalid ip status!
2015-02-08 21:52:30#11103365#size:421#-1#Read timed out
2015-02-08 21:52:30#11103365#size:441#-1#Read timed out
2015-02-08 21:52:31#11103365#size:441#-1#HTTP/1.1 502 Bad Gateway
2015-02-08 21:52:31#11103365#size:441#-1#HTTP/1.1 502 Bad Gateway
2015-02-08 21:52:32#11103365#size:441#-1#HTTP/1.1 502 Bad Gateway
2015-02-08 21:52:32#11103365#size:441#-1#HTTP/1.1 502 Bad Gateway
2015-02-08 21:52:32#11103365#size:441#-1#HTTP/1.1 502 Bad Gateway
2015-02-08 21:52:33#11103365#size:441#-1#HTTP/1.1 502 Bad Gateway
2015-02-08 21:52:34#11103365#size:441#-1#HTTP/1.1 502 Bad Gateway
2015-02-08 21:52:34#11103365#size:441#-1#HTTP/1.1 502 Bad Gateway
2015-02-08 21:52:35#11103365#size:441#-1#HTTP/1.1 502 Bad Gateway
2015-02-08 21:52:35#11103365#size:441#-1#HTTP/1.1 502 Bad Gateway
2015-02-08 21:52:35#11103365#size:441#-1#HTTP/1.1 502 Bad Gateway
2015-02-08 21:52:36#11103365#size:441#-1#HTTP/1.1 502 Bad Gateway
2015-02-08 21:52:36#11103365#size:441#-1#HTTP/1.1 502 Bad Gateway
2015-02-08 21:52:36#11103365#size:441#-1#HTTP/1.1 502 Bad Gateway
2015-02-08 21:52:37#11103365#size:441#1#null
2015-02-08 21:52:43#15042078#size:1#-200#invalid ip status!
2015-02-08 21:53:16#15042078#size:1#-200#invalid ip status!
2015-02-08 21:53:50#15042078#size:1#-200#invalid ip status!
2015-02-08 21:54:22#15042078#size:1#-200#invalid ip status!
2015-02-08 21:54:53#15042078#size:1#-200#invalid ip status!
2015-02-08 21:55:25#15042078#size:1#-200#invalid ip status!
2015-02-08 21:55:56#15042078#size:1#-200#invalid ip status!
2015-02-08 21:56:29#15042078#size:1#-200#invalid ip status!
2015-02-08 21:56:59#15042078#size:1#-200#invalid ip status!
2015-02-08 21:57:33#15042078#size:1#-200#invalid ip status!
2015-02-08 21:57:41#15042078#size:202#1#null
2015-02-08 21:58:04#09011924#size:1#-200#invalid ip status!
2015-02-08 21:58:37#09011924#size:1#-200#invalid ip status!
2015-02-08 21:59:07#09011924#size:1#-200#invalid ip status!
2015-02-08 21:59:22#09003263#size:769#1#Read timed out
2015-02-08 21:59:40#09011924#size:1#-200#invalid ip status!
2015-02-08 22:00:10#09011924#size:1#-200#invalid ip status!
2015-02-08 22:00:43#09011924#size:1#-200#invalid ip status!
2015-02-08 22:01:00#11103365#size:737#-1#Read timed out
2015-02-08 22:01:00#09011924#size:43#-1#Read timed out
2015-02-08 22:01:00#11103365#size:540#-1#Read timed out
2015-02-08 22:01:01#11103365#size:737#-1#HTTP/1.1 502 Bad Gateway
2015-02-08 22:01:01#11103365#size:737#-1#HTTP/1.1 502 Bad Gateway
2015-02-08 22:01:01#11103365#size:540#-1#HTTP/1.1 502 Bad Gateway
2015-02-08 22:01:01#11103365#size:737#-1#HTTP/1.1 502 Bad Gateway
2015-02-08 22:01:02#11103365#size:737#-1#HTTP/1.1 502 Bad Gateway
2015-02-08 22:01:02#11103365#size:737#-1#HTTP/1.1 502 Bad Gateway
2015-02-08 22:01:03#11103365#size:541#-1#HTTP/1.1 502 Bad Gateway
2015-02-08 22:01:03#11103365#size:737#-1#HTTP/1.1 502 Bad Gateway
2015-02-08 22:01:07#11103365#size:737#1#null
2015-02-08 22:01:08#11103365#size:737#1#null
2015-02-08 22:01:13#09011924#size:43#-200#invalid ip status!
2015-02-08 22:01:46#09011924#size:43#-200#invalid ip status!
2015-02-08 22:02:03#09011924#size:46#-1#Read timed out
2015-02-08 22:02:03#11103365#size:546#-1#Read timed out
2015-02-08 22:02:16#11103365#size:546#-200#invalid ip status!
2015-02-08 22:02:49#11103365#size:546#-200#invalid ip status!
2015-02-08 22:03:06#09011924#size:56#-1#Read timed out
2015-02-08 22:03:19#11103365#size:546#-200#invalid ip status!
2015-02-08 22:10:10#09003264#size:10#1#null
2015-02-08 22:10:12#09003264#size:10#-1#null
2015-02-08 22:10:12#09003264#size:2#-100#invalid account status!
2015-02-08 22:10:56#09003264#size:40#1#null
2015-02-08 22:11:04#09003264#size:46#1#null
2015-02-08 22:11:38#04100911#size:18#-200#invalid ip status!
2015-02-08 22:11:39#09003264#size:54#-200#invalid ip status!
2015-02-08 22:11:43#04100911#size:43#-200#invalid ip status!
2015-02-08 22:12:20#09003264#size:59#1#null
2015-02-08 22:12:21#09003264#size:59#-1#null
2015-02-08 22:12:22#09003264#size:59#1#null
2015-02-08 22:12:29#09003264#size:64#-1#HTTP/1.1 502 Bad Gateway
2015-02-08 22:12:29#04100911#size:47#-1#HTTP/1.1 502 Bad Gateway
2015-02-08 22:12:29#04100911#size:47#-1#HTTP/1.1 502 Bad Gateway
2015-02-08 22:12:29#04100911#size:51#-1#HTTP/1.1 502 Bad Gateway
2015-02-08 22:12:29#09003264#size:64#-1#HTTP/1.1 502 Bad Gateway
2015-02-08 22:12:30#09003264#size:64#1#null
2015-02-08 22:12:30#09003264#size:64#1#null
2015-02-08 22:12:31#04100911#size:51#1#null
2015-02-08 22:12:32#04100911#size:51#-1#null
2015-02-08 22:15:43#08006516#size:110#-200#invalid ip status!
2015-02-08 22:17:47#04100911#size:235#1#null
2015-02-08 22:19:26#09003264#size:360#1#null
2015-02-08 22:19:45#09003264#size:352#1#null
2015-02-08 22:20:08#09003264#size:360#1#null
2015-02-08 22:20:37#04100911#size:235#1#null
2015-02-08 22:25:15#01056005#size:34#-100#invalid account status!
2015-02-08 22:31:21#01056005#size:35#1#null
2015-02-08 22:31:22#11108195#size:11#1#null
2015-02-08 22:31:23#01056005#size:36#1#null
2015-02-08 22:31:23#01056005#size:36#1#null
2015-02-08 22:31:23#08006516#size:110#1#null
2015-02-08 22:31:24#08006516#size:110#-1#null
2015-02-08 22:31:24#08006516#size:110#-200#invalid ip status!
2015-02-08 22:31:25#08006516#size:110#-200#invalid ip status!
2015-02-08 22:31:30#08006516#size:111#1#null
2015-02-08 22:31:30#08006516#size:111#-1#null
2015-02-08 22:31:35#08006516#size:114#1#null
2015-02-08 22:31:37#11103365#size:551#1#null
2015-02-08 22:31:51#11103365#size:560#1#null
2015-02-08 22:31:51#11103365#size:560#-1#null
2015-02-08 22:31:57#11103365#size:560#-200#invalid ip status!
2015-02-08 22:32:01#11103365#size:561#1#null
2015-02-08 22:32:02#11103365#size:561#-1#null
2015-02-08 22:32:28#11103365#size:561#-200#invalid ip status!
2015-02-08 22:33:01#11103365#size:561#-200#invalid ip status!
2015-02-08 22:33:34#11103365#size:561#-200#invalid ip status!
2015-02-08 22:33:55#09011924#size:111#1#null
2015-02-08 22:33:56#09011924#size:111#-1#null
2015-02-08 22:34:04#11103365#size:565#1#null
2015-02-08 22:34:04#11103365#size:565#1#null
2015-02-08 22:34:07#09011924#size:111#-200#invalid ip status!
2015-02-08 22:34:07#09011924#size:111#-200#invalid ip status!
2015-02-08 22:34:37#09011924#size:111#-200#invalid ip status!
2015-02-08 22:35:11#09011924#size:111#-200#invalid ip status!
2015-02-08 22:35:42#09011924#size:111#-200#invalid ip status!
2015-02-08 22:35:53#01056005#size:224#1#null
2015-02-08 22:36:07#11108195#size:162#1#null
2015-02-08 22:36:15#09011924#size:111#-200#invalid ip status!
2015-02-08 22:36:45#09011924#size:111#-200#invalid ip status!
2015-02-08 22:37:18#09011924#size:145#1#null
2015-02-08 22:37:18#09011924#size:111#-200#invalid ip status!
2015-02-08 22:37:49#09011924#size:111#-200#invalid ip status!
2015-02-08 22:38:22#09011924#size:111#-200#invalid ip status!
2015-02-08 22:38:38#11103365#size:743#-1#Read timed out
2015-02-08 22:38:39#06201136#size:18#-1#Read timed out
2015-02-08 22:38:39#09011924#size:206#-1#Read timed out
2015-02-08 22:38:39#08006516#size:302#-1#Read timed out
2015-02-08 22:38:40#11103365#size:743#1#null
2015-02-08 22:38:40#11103365#size:743#-1#null
2015-02-08 22:38:41#08006516#size:302#1#null
2015-02-08 22:38:52#11103365#size:743#-200#invalid ip status!
2015-02-08 22:39:25#11103365#size:743#-200#invalid ip status!
2015-02-08 22:39:42#08006516#size:306#-1#Read timed out
2015-02-08 22:39:42#11103365#size:748#-1#Read timed out
2015-02-08 22:39:43#09011924#size:281#-1#Read timed out
2015-02-08 22:39:45#09011924#size:163#-200#invalid ip status!
2015-02-08 22:39:45#11108195#size:225#-200#invalid ip status!
2015-02-08 22:39:45#09011924#size:215#-200#invalid ip status!
2015-02-08 22:39:45#11103365#size:738#-200#invalid ip status!
2015-02-08 22:39:56#11108195#size:225#-200#invalid ip status!
2015-02-08 22:40:00#08006516#size:306#-200#invalid ip status!
2015-02-08 22:40:01#08006516#size:306#-200#invalid ip status!
2015-02-08 22:40:02#08006516#size:306#-200#invalid ip status!
2015-02-08 22:40:28#11108195#size:225#-200#invalid ip status!
2015-02-08 22:40:30#11108195#size:225#-200#invalid ip status!
2015-02-08 22:40:31#11108195#size:225#-200#invalid ip status!
2015-02-08 22:40:31#11108195#size:225#-200#invalid ip status!
2015-02-08 22:40:34#11108195#size:225#-200#invalid ip status!
2015-02-08 22:40:45#11108195#size:225#-200#invalid ip status!
2015-02-08 22:40:47#11108195#size:225#-200#invalid ip status!
2015-02-08 22:40:48#11108195#size:225#-200#invalid ip status!
2015-02-08 22:40:48#11103365#size:748#-200#invalid ip status!
2015-02-08 22:40:48#08006516#size:308#-200#invalid ip status!
2015-02-08 22:40:59#11108195#size:225#-200#invalid ip status!
2015-02-08 22:41:19#11108195#size:225#-200#invalid ip status!
2015-02-08 22:41:19#11108195#size:225#-200#invalid ip status!
2015-02-08 22:41:19#11108195#size:225#-200#invalid ip status!
2015-02-08 22:41:19#11108195#size:225#-200#invalid ip status!
2015-02-08 22:41:31#11108195#size:225#-200#invalid ip status!
2015-02-08 22:41:31#11108195#size:225#-200#invalid ip status!
2015-02-08 22:41:32#11108195#size:225#-200#invalid ip status!
2015-02-08 22:41:33#11108195#size:225#-200#invalid ip status!
2015-02-08 22:41:35#11108195#size:225#-200#invalid ip status!
2015-02-08 22:41:35#11108195#size:225#-200#invalid ip status!
2015-02-08 22:42:05#11108195#size:225#-200#invalid ip status!
2015-02-08 22:42:05#11108195#size:225#-200#invalid ip status!
2015-02-08 22:42:13#11108195#size:225#-200#invalid ip status!
2015-02-08 22:42:13#11108195#size:225#-200#invalid ip status!
2015-02-08 22:42:15#11108195#size:225#-200#invalid ip status!
2015-02-08 22:42:15#11108195#size:225#-200#invalid ip status!
2015-02-08 22:42:15#11108195#size:225#-200#invalid ip status!
2015-02-08 22:42:16#11108195#size:225#-200#invalid ip status!
2015-02-08 22:42:37#11108195#size:225#-200#invalid ip status!
2015-02-08 22:42:37#11108195#size:225#-200#invalid ip status!
2015-02-08 22:42:40#11108195#size:225#-1#Read timed out
2015-02-08 22:42:40#11108195#size:225#-1#Read timed out
2015-02-08 22:42:41#11108195#size:225#-200#invalid ip status!
2015-02-08 22:42:41#11108195#size:225#-200#invalid ip status!
2015-02-08 22:42:45#11108195#size:225#-200#invalid ip status!
2015-02-08 22:42:45#11108195#size:225#-200#invalid ip status!
2015-02-08 22:42:47#11108195#size:225#-200#invalid ip status!
2015-02-08 22:42:47#11108195#size:225#-200#invalid ip status!
2015-02-08 22:42:47#11108195#size:225#-200#invalid ip status!
2015-02-08 22:42:48#11108195#size:225#-200#invalid ip status!
2015-02-08 22:43:09#11108195#size:225#-200#invalid ip status!
2015-02-08 22:43:10#11108195#size:225#-200#invalid ip status!
2015-02-08 22:43:15#11108195#size:225#-200#invalid ip status!
2015-02-08 22:43:15#11108195#size:225#-200#invalid ip status!
2015-02-08 22:43:16#11108195#size:225#-200#invalid ip status!
2015-02-08 22:43:16#11108195#size:225#-200#invalid ip status!
2015-02-08 22:43:18#11108195#size:225#-200#invalid ip status!
2015-02-08 22:43:18#11108195#size:225#-200#invalid ip status!
2015-02-08 22:43:19#11108195#size:225#-200#invalid ip status!
2015-02-08 22:43:20#11108195#size:225#-200#invalid ip status!
2015-02-08 22:43:42#11108195#size:225#-200#invalid ip status!
2015-02-08 22:43:42#11108195#size:225#-200#invalid ip status!
2015-02-08 22:43:46#11108195#size:225#-200#invalid ip status!
2015-02-08 22:43:46#11108195#size:225#-200#invalid ip status!
2015-02-08 22:43:47#11108195#size:225#-200#invalid ip status!
2015-02-08 22:43:47#11108195#size:225#-200#invalid ip status!
2015-02-08 22:43:48#11108195#size:225#-200#invalid ip status!
2015-02-08 22:43:49#11108195#size:225#-200#invalid ip status!
2015-02-08 22:43:49#11108195#size:225#-200#invalid ip status!
2015-02-08 22:43:50#11108195#size:225#-200#invalid ip status!
2015-02-08 22:44:12#11108195#size:225#-200#invalid ip status!
2015-02-08 22:44:15#11108195#size:225#-200#invalid ip status!
2015-02-08 22:44:16#11108195#size:225#-200#invalid ip status!
2015-02-08 22:44:16#11108195#size:225#-200#invalid ip status!
2015-02-08 22:44:17#11108195#size:225#-200#invalid ip status!
2015-02-08 22:44:17#11108195#size:225#-200#invalid ip status!
2015-02-08 22:44:19#11108195#size:225#-200#invalid ip status!
2015-02-08 22:44:19#11108195#size:225#-200#invalid ip status!
2015-02-08 22:44:20#11108195#size:225#-200#invalid ip status!
2015-02-08 22:44:21#11108195#size:225#-200#invalid ip status!
2015-02-08 22:44:45#11108195#size:225#-200#invalid ip status!
2015-02-08 22:44:46#11108195#size:225#-200#invalid ip status!
2015-02-08 22:44:46#11108195#size:225#-200#invalid ip status!
2015-02-08 22:44:47#11108195#size:225#-200#invalid ip status!
2015-02-08 22:44:47#11108195#size:225#-200#invalid ip status!
2015-02-08 22:44:48#11108195#size:225#-200#invalid ip status!
2015-02-08 22:44:49#11108195#size:225#-200#invalid ip status!
2015-02-08 22:44:49#11108195#size:225#-200#invalid ip status!
2015-02-08 22:44:50#11108195#size:225#-200#invalid ip status!
2015-02-08 22:44:51#11108195#size:225#-200#invalid ip status!
2015-02-08 22:45:15#11108195#size:225#-200#invalid ip status!
2015-02-08 22:45:18#11108195#size:225#-200#invalid ip status!
2015-02-08 22:45:18#11108195#size:225#-200#invalid ip status!
2015-02-08 22:45:19#11108195#size:225#-200#invalid ip status!
2015-02-08 22:45:20#11108195#size:225#-200#invalid ip status!
2015-02-08 22:45:20#11108195#size:225#-200#invalid ip status!
2015-02-08 22:45:20#11108195#size:225#-200#invalid ip status!
2015-02-08 22:45:20#11108195#size:225#-200#invalid ip status!
2015-02-08 22:45:20#11108195#size:225#-200#invalid ip status!
2015-02-08 22:45:21#11108195#size:225#-200#invalid ip status!
2015-02-08 22:45:47#11108195#size:225#-200#invalid ip status!
2015-02-08 22:45:48#11108195#size:225#-200#invalid ip status!
2015-02-08 22:45:48#11108195#size:225#-200#invalid ip status!
2015-02-08 22:45:49#11108195#size:225#-200#invalid ip status!
2015-02-08 22:45:50#11108195#size:225#-200#invalid ip status!
2015-02-08 22:45:50#11108195#size:225#-200#invalid ip status!
2015-02-08 22:45:50#11108195#size:225#-200#invalid ip status!
2015-02-08 22:45:51#11108195#size:225#-200#invalid ip status!
2015-02-08 22:45:51#11108195#size:225#-200#invalid ip status!
2015-02-08 22:45:52#11108195#size:225#-200#invalid ip status!
2015-02-08 22:46:18#11108195#size:225#-200#invalid ip status!
2015-02-08 22:46:21#11108195#size:225#-200#invalid ip status!
2015-02-08 22:46:21#11108195#size:225#-200#invalid ip status!
2015-02-08 22:46:21#11108195#size:225#-200#invalid ip status!
2015-02-08 22:46:22#11108195#size:225#-200#invalid ip status!
2015-02-08 22:46:22#11108195#size:225#-200#invalid ip status!
2015-02-08 22:46:22#11108195#size:225#-200#invalid ip status!
2015-02-08 22:46:23#11108195#size:225#-200#invalid ip status!
2015-02-08 22:46:23#11108195#size:225#-200#invalid ip status!
2015-02-08 22:46:24#11108195#size:225#-200#invalid ip status!
2015-02-08 22:46:51#11108195#size:225#-200#invalid ip status!
2015-02-08 22:46:52#11108195#size:225#-200#invalid ip status!
2015-02-08 22:46:52#11108195#size:225#-200#invalid ip status!
2015-02-08 22:46:52#11108195#size:225#-200#invalid ip status!
2015-02-08 22:46:52#11108195#size:225#-200#invalid ip status!
2015-02-08 22:46:52#11108195#size:225#-200#invalid ip status!
2015-02-08 22:46:52#11108195#size:225#-200#invalid ip status!
2015-02-08 22:46:53#11108195#size:225#-200#invalid ip status!
2015-02-08 22:46:54#11108195#size:225#-200#invalid ip status!
2015-02-08 22:46:54#11108195#size:225#-200#invalid ip status!
2015-02-08 22:47:21#11108195#size:225#-200#invalid ip status!
2015-02-08 22:47:24#11108195#size:225#-200#invalid ip status!
2015-02-08 22:47:26#11108195#size:225#1#null
2015-02-08 22:47:26#11108195#size:225#1#null
2015-02-08 22:47:26#11108195#size:225#-1#null
2015-02-08 22:47:27#11108195#size:225#-1#null
2015-02-08 22:47:27#11108195#size:225#1#null
2015-02-08 22:47:28#11108195#size:225#1#null
2015-02-08 22:47:28#11108195#size:225#-1#null
2015-02-08 22:47:28#11108195#size:225#-1#null
2015-02-08 22:47:29#08006516#size:309#-1#HTTP/1.1 502 Bad Gateway
2015-02-08 22:47:29#08006516#size:309#-1#HTTP/1.1 502 Bad Gateway
2015-02-08 22:47:29#11108195#size:228#-1#HTTP/1.1 502 Bad Gateway
2015-02-08 22:47:29#11108195#size:226#-1#HTTP/1.1 502 Bad Gateway
2015-02-08 22:47:29#11108195#size:225#-1#HTTP/1.1 502 Bad Gateway
2015-02-08 22:47:29#11108195#size:225#-1#HTTP/1.1 502 Bad Gateway
2015-02-08 22:47:29#11108195#size:225#-1#HTTP/1.1 502 Bad Gateway
2015-02-08 22:47:29#11108195#size:226#-1#HTTP/1.1 502 Bad Gateway
2015-02-08 22:47:30#11108195#size:225#1#null
2015-02-08 22:47:30#11108195#size:225#1#null
2015-02-08 22:47:30#11108195#size:226#-1#HTTP/1.1 502 Bad Gateway
2015-02-08 22:47:30#11108195#size:226#-1#HTTP/1.1 502 Bad Gateway
2015-02-08 22:47:30#11108195#size:226#-1#HTTP/1.1 502 Bad Gateway
2015-02-08 22:47:30#11108195#size:226#-1#HTTP/1.1 502 Bad Gateway
2015-02-08 22:47:31#11108195#size:226#-1#HTTP/1.1 502 Bad Gateway
2015-02-08 22:47:31#08006516#size:309#-1#HTTP/1.1 502 Bad Gateway
2015-02-08 22:47:31#08006516#size:310#-1#HTTP/1.1 502 Bad Gateway
2015-02-08 22:47:32#11108195#size:226#1#null
2015-02-08 22:47:32#11108195#size:226#1#null
2015-02-08 22:47:32#11108195#size:226#1#null
2015-02-08 22:47:32#11108195#size:226#-1#null
2015-02-08 22:47:32#11108195#size:226#1#null
2015-02-08 22:47:33#11108195#size:226#-1#HTTP/1.1 502 Bad Gateway
2015-02-08 22:47:33#08006516#size:310#-1#HTTP/1.1 502 Bad Gateway
2015-02-08 22:47:33#11108195#size:226#-1#HTTP/1.1 502 Bad Gateway
2015-02-08 22:47:33#08006516#size:310#-1#HTTP/1.1 502 Bad Gateway
2015-02-08 22:47:33#11108195#size:226#-1#HTTP/1.1 502 Bad Gateway
2015-02-08 22:47:34#11108195#size:226#-1#HTTP/1.1 502 Bad Gateway
2015-02-08 22:47:34#11108195#size:227#-1#HTTP/1.1 502 Bad Gateway
2015-02-08 22:47:34#11108195#size:226#1#null
2015-02-08 22:47:35#11108195#size:226#1#null
2015-02-08 22:47:35#11108195#size:226#-1#null
2015-02-08 22:47:35#11108195#size:226#-1#HTTP/1.1 500 Internal Server Error
2015-02-08 22:47:35#11108195#size:228#-1#HTTP/1.1 502 Bad Gateway
2015-02-08 22:47:35#08006516#size:310#-1#HTTP/1.1 502 Bad Gateway
2015-02-08 22:47:35#11108195#size:226#-1#HTTP/1.1 502 Bad Gateway
2015-02-08 22:47:35#11108195#size:226#-1#HTTP/1.1 502 Bad Gateway
2015-02-08 22:47:35#08006516#size:310#-1#HTTP/1.1 502 Bad Gateway
2015-02-08 22:47:35#11108195#size:227#-1#HTTP/1.1 502 Bad Gateway
2015-02-08 22:47:35#11108195#size:226#-1#HTTP/1.1 502 Bad Gateway
2015-02-08 22:47:36#11108195#size:226#1#null
2015-02-08 22:47:37#11108195#size:226#1#null
2015-02-08 22:47:37#11108195#size:226#1#null
2015-02-08 22:47:37#11108195#size:226#1#null
2015-02-08 22:47:37#11108195#size:226#-1#null
2015-02-08 22:47:37#08006516#size:310#1#null
2015-02-08 22:47:38#11108195#size:226#-1#null
2015-02-08 22:47:38#08006516#size:310#1#null
2015-02-08 22:47:39#11108195#size:226#1#null
2015-02-08 22:47:39#11108195#size:226#-1#HTTP/1.1 502 Bad Gateway
2015-02-08 22:47:39#11108195#size:226#-1#HTTP/1.1 502 Bad Gateway
2015-02-08 22:47:39#11103365#size:748#-1#HTTP/1.1 502 Bad Gateway
2015-02-08 22:47:39#11108195#size:227#-1#HTTP/1.1 502 Bad Gateway
2015-02-08 22:47:40#08006516#size:312#-1#HTTP/1.1 502 Bad Gateway
2015-02-08 22:47:40#11108195#size:228#-1#HTTP/1.1 502 Bad Gateway
2015-02-08 22:47:41#11108195#size:227#1#null
2015-02-08 22:47:41#11108195#size:228#1#null
2015-02-08 22:47:41#11108195#size:228#1#null
2015-02-08 22:47:42#11108195#size:228#-1#null
2015-02-08 22:47:42#11108195#size:228#-1#null
2015-02-08 22:47:42#08006516#size:312#1#null
2015-02-08 22:47:43#11108195#size:228#1#null
2015-02-08 22:47:44#08006516#size:313#1#null
2015-02-08 22:47:44#11108195#size:229#1#null
2015-02-08 22:47:45#08006516#size:313#-1#null
2015-02-08 22:47:55#08006516#size:313#-200#invalid ip status!
2015-02-08 22:47:55#08006516#size:313#-200#invalid ip status!
2015-02-08 22:47:55#11103365#size:755#1#null
2015-02-08 22:47:58#11103365#size:758#1#null
2015-02-08 22:48:01#11103365#size:758#1#null
2015-02-08 22:48:06#11108195#size:243#1#null
2015-02-08 22:48:07#11108195#size:243#-1#null
2015-02-08 22:48:25#11108195#size:243#-200#invalid ip status!
2015-02-08 22:48:58#11108195#size:243#-200#invalid ip status!
2015-02-08 22:49:15#08006516#size:340#-1#Read timed out
2015-02-08 22:49:15#08006516#size:330#-1#Read timed out
2015-02-08 22:49:15#11108195#size:253#-1#Read timed out
2015-02-08 22:49:15#08006516#size:332#-1#Read timed out
2015-02-08 22:49:16#11108195#size:253#1#null
2015-02-08 22:49:28#08006516#size:332#-200#invalid ip status!
2015-02-08 22:50:01#08006516#size:332#-200#invalid ip status!
2015-02-08 22:50:06#11108195#size:255#-200#invalid ip status!
2015-02-08 22:50:06#08006516#size:344#-200#invalid ip status!
2015-02-08 22:50:06#08006516#size:336#-200#invalid ip status!
2015-02-08 22:50:06#08006516#size:327#-200#invalid ip status!
2015-02-08 22:50:18#11108195#size:250#-1#Read timed out
2015-02-08 22:50:18#11108195#size:289#-1#Read timed out
2015-02-08 22:50:21#11108195#size:289#-200#invalid ip status!
2015-02-08 22:50:22#11108195#size:289#-200#invalid ip status!
2015-02-08 22:50:31#11108195#size:289#-200#invalid ip status!
2015-02-08 22:50:36#11108195#size:289#-200#invalid ip status!
2015-02-08 22:50:36#11108195#size:289#-200#invalid ip status!
2015-02-08 22:50:36#11108195#size:289#-200#invalid ip status!
2015-02-08 22:50:37#11108195#size:289#-200#invalid ip status!
