2015-02-08 19:39:10#true#00000000lkj###0000002015-02-08 19:57:30#true#0000004110000000###00000000
2015-02-08 20:20:47#true#00000000lkj###000000
2015-02-08 21:34:25#true#0000004110000000###00000000
2015-02-08 21:34:26#true#00000100###11223344
2015-02-08 21:34:27#true#000001234567890###199109293635
2015-02-08 21:34:27#true#00000jia###jiasan235
2015-02-08 21:34:28#false#00000ooo###a66082180
2015-02-08 22:09:57#true#00000000lkj###000000
2015-02-08 22:09:57#true#0000004110000000###00000000
2015-02-08 22:09:58#true#00000100###11223344
2015-02-08 22:09:59#true#000001234567890###199109293635
2015-02-08 22:09:59#true#00000jia###jiasan235
2015-02-08 22:10:13#true#0000821004###a1234567
2015-02-08 22:24:59#true#00000000lkj###000000
2015-02-08 22:25:16#true#0000004110000000###00000000
2015-02-08 22:31:18#true#0000004110000000###00000000
2015-02-08 22:31:19#true#00000100###11223344
2015-02-08 22:31:20#true#000001234567890###199109293635
2015-02-08 22:31:20#true#00000jia###jiasan235
2015-02-08 22:31:21#true#0000821004###a1234567
2015-02-08 22:31:21#true#0001112774###636136
2015-02-08 22:31:22#true#00012345679###000666666
2015-02-08 22:31:23#true#000123asdf###000123woshi
2015-02-08 22:31:23#false#000123asdfg###woshi000123
2015-02-08 22:31:24#true#0001314500###0001314520
